TN:
SF:src/App.vue
FNF:0
FNH:0
DA:6,2
LF:1
LH:1
BRF:0
BRH:0
end_of_record
TN:
SF:src/components/Dummy-component.vue
FNF:0
FNH:0
DA:2,5
DA:10,5
LF:2
LH:2
BRF:0
BRH:0
end_of_record
TN:
SF:src/utils/array.js
FN:11,unique
FN:22,chunk
FNF:2
FNH:2
FNDA:4,unique
FNDA:5,chunk
DA:12,4
DA:23,5
DA:24,5
DA:25,8
DA:27,5
LF:5
LH:5
BRF:0
BRH:0
end_of_record
TN:
SF:src/utils/date.js
FN:10,formatDate
FN:23,isPast
FNF:2
FNH:2
FNDA:2,formatDate
FNDA:3,isPast
DA:11,2
DA:12,2
DA:13,2
DA:15,2
DA:24,3
LF:5
LH:5
BRF:0
BRH:0
end_of_record
TN:
SF:src/utils/math.js
FN:11,sum
FN:21,subtract
FN:31,multiply
FN:41,divide
FNF:4
FNH:4
FNDA:3,sum
FNDA:2,subtract
FNDA:3,multiply
FNDA:3,divide
DA:12,3
DA:22,2
DA:32,3
DA:42,3
DA:43,2
LF:5
LH:5
BRDA:42,0,0,1
BRDA:42,0,1,2
BRF:2
BRH:2
end_of_record
TN:
SF:src/utils/number.js
FN:12,clamp
FN:22,randomInt
FNF:2
FNH:2
FNDA:5,clamp
FNDA:101,randomInt
DA:13,5
DA:23,101
LF:2
LH:2
BRF:0
BRH:0
end_of_record
TN:
SF:src/utils/string.js
FN:10,capitalize
FN:20,toKebabCase
FNF:2
FNH:2
FNDA:4,capitalize
FNDA:5,toKebabCase
DA:11,4
DA:12,3
DA:21,5
LF:3
LH:3
BRDA:11,0,0,1
BRDA:11,0,1,3
BRF:2
BRH:2
end_of_record
